[debug] [2021-01-28T23:09:31.712Z] ----------------------------------------------------------------------
[debug] [2021-01-28T23:09:31.713Z] Command:       C:\Program Files\nodejs\node.exe C:\Users\pate9020\AppData\Roaming\npm\node_modules\firebase-tools\lib\bin\firebase.js deploy
[debug] [2021-01-28T23:09:31.713Z] CLI Version:   9.2.0
[debug] [2021-01-28T23:09:31.714Z] Platform:      win32
[debug] [2021-01-28T23:09:31.714Z] Node Version:  v14.15.3
[debug] [2021-01-28T23:09:31.714Z] Time:          Thu Jan 28 2021 18:09:31 GMT-0500 (Eastern Standard Time)
[debug] [2021-01-28T23:09:31.714Z] ----------------------------------------------------------------------
[debug] [2021-01-28T23:09:31.714Z] 
[debug] [2021-01-28T23:09:31.719Z] > command requires scopes: ["email","openid","https://www.googleapis.com/auth/cloudplatformprojects.readonly","https://www.googleapis.com/auth/firebase","https://www.googleapis.com/auth/cloud-platform"]
[debug] [2021-01-28T23:09:31.719Z] > authorizing via signed-in user
[debug] [2021-01-28T23:09:31.719Z] [iam] checking project clone-341d6 for permissions ["cloudfunctions.functions.create","cloudfunctions.functions.delete","cloudfunctions.functions.get","cloudfunctions.functions.list","cloudfunctions.functions.update","cloudfunctions.operations.get","firebase.projects.get","firebasehosting.sites.update"]
[debug] [2021-01-28T23:09:31.721Z] >>> HTTP REQUEST POST https://cloudresourcemanager.googleapis.com/v1/projects/clone-341d6:testIamPermissions  
 {"permissions":["cloudfunctions.functions.create","cloudfunctions.functions.delete","cloudfunctions.functions.get","cloudfunctions.functions.list","cloudfunctions.functions.update","cloudfunctions.operations.get","firebase.projects.get","firebasehosting.sites.update"]}
[debug] [2021-01-28T23:09:32.024Z] <<< HTTP RESPONSE 200 {"content-type":"application/json; charset=UTF-8","vary":"X-Origin, Referer, Origin,Accept-Encoding","date":"Thu, 28 Jan 2021 23:09:32 GMT","server":"ESF","cache-control":"private","x-xss-protection":"0","x-frame-options":"SAMEORIGIN","x-content-type-options":"nosniff","server-timing":"gfet4t7; dur=165","alt-svc":"h3-29=\":443\"; ma=2592000,h3-T051=\":443\"; ma=2592000,h3-Q050=\":443\"; ma=2592000,h3-Q046=\":443\"; ma=2592000,h3-Q043=\":443\"; ma=2592000,quic=\":443\"; ma=2592000; v=\"46,43\"","accept-ranges":"none","transfer-encoding":"chunked"}
[debug] [2021-01-28T23:09:32.025Z] >>> HTTP REQUEST POST https://iam.googleapis.com/v1/projects/clone-341d6/serviceAccounts/clone-341d6@appspot.gserviceaccount.com:testIamPermissions  
 {"permissions":["iam.serviceAccounts.actAs"]}
[debug] [2021-01-28T23:09:32.301Z] <<< HTTP RESPONSE 200 {"content-type":"application/json; charset=UTF-8","vary":"X-Origin, Referer, Origin,Accept-Encoding","date":"Thu, 28 Jan 2021 23:09:32 GMT","server":"ESF","cache-control":"private","x-xss-protection":"0","x-frame-options":"SAMEORIGIN","x-content-type-options":"nosniff","alt-svc":"h3-29=\":443\"; ma=2592000,h3-T051=\":443\"; ma=2592000,h3-Q050=\":443\"; ma=2592000,h3-Q046=\":443\"; ma=2592000,h3-Q043=\":443\"; ma=2592000,quic=\":443\"; ma=2592000; v=\"46,43\"","accept-ranges":"none","transfer-encoding":"chunked"}
[debug] [2021-01-28T23:09:32.302Z] > refreshing access token with scopes: []
[debug] [2021-01-28T23:09:32.302Z] >>> HTTP REQUEST POST https://www.googleapis.com/oauth2/v3/token  
 <request body omitted>
[debug] [2021-01-28T23:09:32.443Z] <<< HTTP RESPONSE 200 {"date":"Thu, 28 Jan 2021 23:09:32 GMT","pragma":"no-cache","cache-control":"no-cache, no-store, max-age=0, must-revalidate","expires":"Mon, 01 Jan 1990 00:00:00 GMT","content-type":"application/json; charset=utf-8","vary":"X-Origin, Referer, Origin,Accept-Encoding","server":"scaffolding on HTTPServer2","x-xss-protection":"0","x-frame-options":"SAMEORIGIN","x-content-type-options":"nosniff","alt-svc":"h3-29=\":443\"; ma=2592000,h3-T051=\":443\"; ma=2592000,h3-Q050=\":443\"; ma=2592000,h3-Q046=\":443\"; ma=2592000,h3-Q043=\":443\"; ma=2592000,quic=\":443\"; ma=2592000; v=\"46,43\"","accept-ranges":"none","transfer-encoding":"chunked"}
[debug] [2021-01-28T23:09:32.447Z] >>> [apiv2][query] GET https://firebase.googleapis.com/v1beta1/projects/clone-341d6 [none]
[debug] [2021-01-28T23:09:32.622Z] <<< [apiv2][status] GET https://firebase.googleapis.com/v1beta1/projects/clone-341d6 200
[debug] [2021-01-28T23:09:32.622Z] <<< [apiv2][body] GET https://firebase.googleapis.com/v1beta1/projects/clone-341d6 {"projectId":"clone-341d6","projectNumber":"29647068937","displayName":"amazon-clone","name":"projects/clone-341d6","resources":{"hostingSite":"clone-341d6","storageBucket":"clone-341d6.appspot.com","locationId":"us-central"},"state":"ACTIVE"}
[warn] !  functions: package.json indicates an outdated version of firebase-functions.
Please upgrade using npm install --save firebase-functions@latest in your functions directory. 
[info] 
[info] === Deploying to 'clone-341d6'...
[info] 
[info] i  deploying functions, hosting 
[info] Running command: npm --prefix "$RESOURCE_DIR" run lint
[info] +  functions: Finished running predeploy script. 
[debug] [2021-01-28T23:09:36.488Z] > [functions] package.json contents: {
  "name": "functions",
  "description": "Cloud Functions for Firebase",
  "scripts": {
    "lint": "eslint .",
    "serve": "firebase emulators:start --only functions",
    "shell": "firebase functions:shell",
    "start": "npm run shell",
    "deploy": "firebase deploy --only functions",
    "logs": "firebase functions:log"
  },
  "engines": {
    "node": "12"
  },
  "main": "index.js",
  "dependencies": {
    "cors": "^2.8.5",
    "express": "^4.17.1",
    "firebase-admin": "^9.2.0",
    "firebase-functions": "^3.11.0",
    "stripe": "^8.129.0"
  },
  "devDependencies": {
    "eslint": "^5.12.0",
    "eslint-plugin-promise": "^4.0.1",
    "firebase-functions-test": "^0.2.0"
  },
  "private": true
}
[info] i  functions: ensuring required API cloudfunctions.googleapis.com is enabled... 
[debug] [2021-01-28T23:09:37.532Z] > refreshing access token with scopes: ["email","https://www.googleapis.com/auth/cloud-platform","https://www.googleapis.com/auth/cloudplatformprojects.readonly","https://www.googleapis.com/auth/firebase","openid"]
[debug] [2021-01-28T23:09:37.532Z] >>> HTTP REQUEST POST https://www.googleapis.com/oauth2/v3/token  
 <request body omitted>
[debug] [2021-01-28T23:09:37.533Z] > refreshing access token with scopes: ["email","https://www.googleapis.com/auth/cloud-platform","https://www.googleapis.com/auth/cloudplatformprojects.readonly","https://www.googleapis.com/auth/firebase","openid"]
[debug] [2021-01-28T23:09:37.533Z] >>> HTTP REQUEST POST https://www.googleapis.com/oauth2/v3/token  
 <request body omitted>
[info] i  functions: ensuring required API cloudbuild.googleapis.com is enabled... 
[debug] [2021-01-28T23:09:37.547Z] > refreshing access token with scopes: ["email","https://www.googleapis.com/auth/cloud-platform","https://www.googleapis.com/auth/cloudplatformprojects.readonly","https://www.googleapis.com/auth/firebase","openid"]
[debug] [2021-01-28T23:09:37.547Z] >>> HTTP REQUEST POST https://www.googleapis.com/oauth2/v3/token  
 <request body omitted>
[debug] [2021-01-28T23:09:37.678Z] <<< HTTP RESPONSE 200 {"pragma":"no-cache","date":"Thu, 28 Jan 2021 23:09:37 GMT","expires":"Mon, 01 Jan 1990 00:00:00 GMT","cache-control":"no-cache, no-store, max-age=0, must-revalidate","content-type":"application/json; charset=utf-8","vary":"X-Origin, Referer, Origin,Accept-Encoding","server":"scaffolding on HTTPServer2","x-xss-protection":"0","x-frame-options":"SAMEORIGIN","x-content-type-options":"nosniff","alt-svc":"h3-29=\":443\"; ma=2592000,h3-T051=\":443\"; ma=2592000,h3-Q050=\":443\"; ma=2592000,h3-Q046=\":443\"; ma=2592000,h3-Q043=\":443\"; ma=2592000,quic=\":443\"; ma=2592000; v=\"46,43\"","accept-ranges":"none","transfer-encoding":"chunked"}
[debug] [2021-01-28T23:09:37.680Z] >>> HTTP REQUEST GET https://serviceusage.googleapis.com/v1/projects/clone-341d6/services/cloudfunctions.googleapis.com  
 
[debug] [2021-01-28T23:09:37.682Z] <<< HTTP RESPONSE 200 {"cache-control":"no-cache, no-store, max-age=0, must-revalidate","date":"Thu, 28 Jan 2021 23:09:37 GMT","pragma":"no-cache","expires":"Mon, 01 Jan 1990 00:00:00 GMT","content-type":"application/json; charset=utf-8","vary":"X-Origin, Referer, Origin,Accept-Encoding","server":"scaffolding on HTTPServer2","x-xss-protection":"0","x-frame-options":"SAMEORIGIN","x-content-type-options":"nosniff","alt-svc":"h3-29=\":443\"; ma=2592000,h3-T051=\":443\"; ma=2592000,h3-Q050=\":443\"; ma=2592000,h3-Q046=\":443\"; ma=2592000,h3-Q043=\":443\"; ma=2592000,quic=\":443\"; ma=2592000; v=\"46,43\"","accept-ranges":"none","transfer-encoding":"chunked"}
[debug] [2021-01-28T23:09:37.684Z] >>> HTTP REQUEST GET https://serviceusage.googleapis.com/v1/projects/clone-341d6/services/cloudbuild.googleapis.com  
 
[debug] [2021-01-28T23:09:37.690Z] <<< HTTP RESPONSE 200 {"pragma":"no-cache","cache-control":"no-cache, no-store, max-age=0, must-revalidate","date":"Thu, 28 Jan 2021 23:09:37 GMT","expires":"Mon, 01 Jan 1990 00:00:00 GMT","content-type":"application/json; charset=utf-8","vary":"X-Origin, Referer, Origin,Accept-Encoding","server":"scaffolding on HTTPServer2","x-xss-protection":"0","x-frame-options":"SAMEORIGIN","x-content-type-options":"nosniff","alt-svc":"h3-29=\":443\"; ma=2592000,h3-T051=\":443\"; ma=2592000,h3-Q050=\":443\"; ma=2592000,h3-Q046=\":443\"; ma=2592000,h3-Q043=\":443\"; ma=2592000,quic=\":443\"; ma=2592000; v=\"46,43\"","accept-ranges":"none","transfer-encoding":"chunked"}
[debug] [2021-01-28T23:09:37.693Z] >>> HTTP REQUEST GET https://serviceusage.googleapis.com/v1/projects/clone-341d6/services/runtimeconfig.googleapis.com  
 
[debug] [2021-01-28T23:09:38.075Z] <<< HTTP RESPONSE 200 {"content-type":"application/json; charset=UTF-8","vary":"X-Origin, Referer, Origin,Accept-Encoding","date":"Thu, 28 Jan 2021 23:09:38 GMT","server":"ESF","cache-control":"private","x-xss-protection":"0","x-frame-options":"SAMEORIGIN","x-content-type-options":"nosniff","alt-svc":"h3-29=\":443\"; ma=2592000,h3-T051=\":443\"; ma=2592000,h3-Q050=\":443\"; ma=2592000,h3-Q046=\":443\"; ma=2592000,h3-Q043=\":443\"; ma=2592000,quic=\":443\"; ma=2592000; v=\"46,43\"","accept-ranges":"none","transfer-encoding":"chunked"}
[debug] [2021-01-28T23:09:38.108Z] <<< HTTP RESPONSE 200 {"content-type":"application/json; charset=UTF-8","vary":"X-Origin, Referer, Origin,Accept-Encoding","date":"Thu, 28 Jan 2021 23:09:38 GMT","server":"ESF","cache-control":"private","x-xss-protection":"0","x-frame-options":"SAMEORIGIN","x-content-type-options":"nosniff","alt-svc":"h3-29=\":443\"; ma=2592000,h3-T051=\":443\"; ma=2592000,h3-Q050=\":443\"; ma=2592000,h3-Q046=\":443\"; ma=2592000,h3-Q043=\":443\"; ma=2592000,quic=\":443\"; ma=2592000; v=\"46,43\"","accept-ranges":"none","transfer-encoding":"chunked"}
[info] +  functions: required API cloudfunctions.googleapis.com is enabled 
[debug] [2021-01-28T23:09:38.114Z] <<< HTTP RESPONSE 200 {"content-type":"application/json; charset=UTF-8","vary":"X-Origin, Referer, Origin,Accept-Encoding","date":"Thu, 28 Jan 2021 23:09:38 GMT","server":"ESF","cache-control":"private","x-xss-protection":"0","x-frame-options":"SAMEORIGIN","x-content-type-options":"nosniff","alt-svc":"h3-29=\":443\"; ma=2592000,h3-T051=\":443\"; ma=2592000,h3-Q050=\":443\"; ma=2592000,h3-Q046=\":443\"; ma=2592000,h3-Q043=\":443\"; ma=2592000,quic=\":443\"; ma=2592000; v=\"46,43\"","accept-ranges":"none","transfer-encoding":"chunked"}
[info] +  functions: required API cloudbuild.googleapis.com is enabled 
[debug] [2021-01-28T23:09:38.114Z] >>> HTTP REQUEST GET https://firebase.googleapis.com/v1beta1/projects/clone-341d6/adminSdkConfig  
 
[debug] [2021-01-28T23:09:38.297Z] <<< HTTP RESPONSE 200 {"content-type":"application/json; charset=UTF-8","vary":"X-Origin, Referer, Origin,Accept-Encoding","date":"Thu, 28 Jan 2021 23:09:38 GMT","server":"ESF","cache-control":"private","x-xss-protection":"0","x-frame-options":"SAMEORIGIN","x-content-type-options":"nosniff","alt-svc":"h3-29=\":443\"; ma=2592000,h3-T051=\":443\"; ma=2592000,h3-Q050=\":443\"; ma=2592000,h3-Q046=\":443\"; ma=2592000,h3-Q043=\":443\"; ma=2592000,quic=\":443\"; ma=2592000; v=\"46,43\"","accept-ranges":"none","transfer-encoding":"chunked"}
[debug] [2021-01-28T23:09:38.299Z] >>> HTTP REQUEST POST https://firebasehosting.googleapis.com/v1beta1/sites/clone-341d6/versions  
 {"config":{"rewrites":[{"glob":"**","path":"/index.html"}]},"labels":{"deployment-tool":"cli-firebase"}}
[debug] [2021-01-28T23:09:39.232Z] <<< HTTP RESPONSE 200 {"content-type":"application/json; charset=UTF-8","vary":"X-Origin, Referer, Origin,Accept-Encoding","date":"Thu, 28 Jan 2021 23:09:39 GMT","server":"ESF","cache-control":"private","x-xss-protection":"0","x-frame-options":"SAMEORIGIN","x-content-type-options":"nosniff","alt-svc":"h3-29=\":443\"; ma=2592000,h3-T051=\":443\"; ma=2592000,h3-Q050=\":443\"; ma=2592000,h3-Q046=\":443\"; ma=2592000,h3-Q043=\":443\"; ma=2592000,quic=\":443\"; ma=2592000; v=\"46,43\"","accept-ranges":"none","transfer-encoding":"chunked"}
[info] i  functions: preparing functions directory for uploading... 
[debug] [2021-01-28T23:09:39.234Z] >>> HTTP REQUEST GET https://runtimeconfig.googleapis.com/v1beta1/projects/clone-341d6/configs  
 
[debug] [2021-01-28T23:09:39.584Z] <<< HTTP RESPONSE 200 {"content-type":"application/json; charset=UTF-8","vary":"X-Origin, Referer, Origin,Accept-Encoding","date":"Thu, 28 Jan 2021 23:09:39 GMT","server":"ESF","cache-control":"private","x-xss-protection":"0","x-frame-options":"SAMEORIGIN","x-content-type-options":"nosniff","alt-svc":"h3-29=\":443\"; ma=2592000,h3-T051=\":443\"; ma=2592000,h3-Q050=\":443\"; ma=2592000,h3-Q046=\":443\"; ma=2592000,h3-Q043=\":443\"; ma=2592000,quic=\":443\"; ma=2592000; v=\"46,43\"","accept-ranges":"none","transfer-encoding":"chunked"}
[info] i  functions: packaged functions (37.48 KB) for uploading 
[debug] [2021-01-28T23:09:39.790Z] >>> HTTP REQUEST GET https://cloudfunctions.googleapis.com/v1/projects/clone-341d6/locations/-/functions  
 
[debug] [2021-01-28T23:09:40.274Z] <<< HTTP RESPONSE 200 {"content-type":"application/json; charset=UTF-8","vary":"X-Origin, Referer, Origin,Accept-Encoding","date":"Thu, 28 Jan 2021 23:09:40 GMT","server":"ESF","cache-control":"private","x-xss-protection":"0","x-frame-options":"SAMEORIGIN","x-content-type-options":"nosniff","alt-svc":"h3-29=\":443\"; ma=2592000,h3-T051=\":443\"; ma=2592000,h3-Q050=\":443\"; ma=2592000,h3-Q046=\":443\"; ma=2592000,h3-Q043=\":443\"; ma=2592000,quic=\":443\"; ma=2592000; v=\"46,43\"","accept-ranges":"none","transfer-encoding":"chunked"}
[debug] [2021-01-28T23:09:40.275Z] >>> HTTP REQUEST POST https://cloudfunctions.googleapis.com/v1/projects/clone-341d6/locations/us-central1/functions:generateUploadUrl  
 
[debug] [2021-01-28T23:09:40.956Z] <<< HTTP RESPONSE 200 {"content-type":"application/json; charset=UTF-8","vary":"X-Origin, Referer, Origin,Accept-Encoding","date":"Thu, 28 Jan 2021 23:09:41 GMT","server":"ESF","cache-control":"private","x-xss-protection":"0","x-frame-options":"SAMEORIGIN","x-content-type-options":"nosniff","alt-svc":"h3-29=\":443\"; ma=2592000,h3-T051=\":443\"; ma=2592000,h3-Q050=\":443\"; ma=2592000,h3-Q046=\":443\"; ma=2592000,h3-Q043=\":443\"; ma=2592000,quic=\":443\"; ma=2592000; v=\"46,43\"","accept-ranges":"none","transfer-encoding":"chunked"}
[debug] [2021-01-28T23:09:40.956Z] >>> HTTP REQUEST PUT https://storage.googleapis.com/gcf-upload-us-central1-3081face-e511-4f2e-a6a7-75ec190a6e18/da1dc89b-9905-473e-b59e-66474adac030.zip?GoogleAccessId=service-29647068937@gcf-admin-robot.iam.gserviceaccount.com&Expires=1611877181&Signature=apUKLEocAOhHa6dlLzOdeTjWNWWARjAQCgPgMi2OOUEP1MLTKGuFa1QS89Wm7zknyxAy1oThV2fr2LNnrlNtqA4G4n12zDW4U9PjJwp6Udf1Kcar6MDU84vKxA6gPWqjYjNt5lag9GeXoH9M2m%2FziUWaYPzLeh8uOJWy9mqnroNXMF9neQNMHFLjfnoVr%2BCm3d0lYFu7Zwa5SgEjvH1M%2FbiEZ1uCW7R9nAIFEvsb%2Fk53XWtrZrk%2FALFEUS9C%2Fj%2Brc4STz3CpzcesQ2xuuYgy0xSxGKSL4t0bDwEy5w4D4aQqfgVMFvX9fxvWf28Y983L2TVfqrG%2Bmk6FI3gRT7dWdA%3D%3D  
 <request body omitted>
[debug] [2021-01-28T23:09:41.203Z] <<< HTTP RESPONSE 200 {"x-guploader-uploadid":"ABg5-Uy9L4JmeUlZokRS0lF-9sl9DRPSAoYXfAlbrhjpQciGU6IZJ01WJgS55jC04bSEY6Uc2kv5uSPg7gPhXvdYX6k","etag":"\"953ee1f4d0c5b5626fa6691c42e6dd64\"","x-goog-generation":"1611875381444146","x-goog-metageneration":"1","x-goog-hash":"crc32c=EunBZA==, md5=lT7h9NDFtWJvpmkcQubdZA==","x-goog-stored-content-length":"38380","x-goog-stored-content-encoding":"identity","vary":"Origin","content-length":"0","date":"Thu, 28 Jan 2021 23:09:41 GMT","server":"UploadServer","content-type":"text/html; charset=UTF-8","alt-svc":"h3-29=\":443\"; ma=2592000,h3-T051=\":443\"; ma=2592000,h3-Q050=\":443\"; ma=2592000,h3-Q046=\":443\"; ma=2592000,h3-Q043=\":443\"; ma=2592000,quic=\":443\"; ma=2592000; v=\"46,43\""}
[info] +  functions: functions folder uploaded successfully 
[info] i  hosting[clone-341d6]: beginning deploy... 
[info] i  hosting[clone-341d6]: found 18 files in build 
[debug] [2021-01-28T23:09:41.656Z] > refreshing access token with scopes: []
[debug] [2021-01-28T23:09:41.656Z] >>> HTTP REQUEST POST https://www.googleapis.com/oauth2/v3/token  
 <request body omitted>
[debug] [2021-01-28T23:09:41.657Z] [hosting] hash cache [YnVpbGQ] stored for 18 files
[debug] [2021-01-28T23:09:41.657Z] [hosting][hash queue][FINAL] {"max":438,"min":4,"avg":32.44444444444444,"active":0,"complete":18,"success":18,"errored":0,"retried":0,"total":18,"elapsed":444}
[debug] [2021-01-28T23:09:41.765Z] <<< HTTP RESPONSE 200 {"cache-control":"no-cache, no-store, max-age=0, must-revalidate","expires":"Mon, 01 Jan 1990 00:00:00 GMT","date":"Thu, 28 Jan 2021 23:09:42 GMT","pragma":"no-cache","content-type":"application/json; charset=utf-8","vary":"X-Origin, Referer, Origin,Accept-Encoding","server":"scaffolding on HTTPServer2","x-xss-protection":"0","x-frame-options":"SAMEORIGIN","x-content-type-options":"nosniff","alt-svc":"h3-29=\":443\"; ma=2592000,h3-T051=\":443\"; ma=2592000,h3-Q050=\":443\"; ma=2592000,h3-Q046=\":443\"; ma=2592000,h3-Q043=\":443\"; ma=2592000,quic=\":443\"; ma=2592000; v=\"46,43\"","accept-ranges":"none","transfer-encoding":"chunked"}
[debug] [2021-01-28T23:09:41.768Z] >>> [apiv2][query] POST https://firebasehosting.googleapis.com/v1beta1/sites/clone-341d6/versions/f68aba0dd69aae68:populateFiles [none]
[debug] [2021-01-28T23:09:41.769Z] >>> [apiv2][body] POST https://firebasehosting.googleapis.com/v1beta1/sites/clone-341d6/versions/f68aba0dd69aae68:populateFiles {"files":{"/favicon.ico":"eae62e993eb980ec8a25058c39d5a51feab118bd2100c4deebb2a9c158ec11f9","/logo192.png":"3ee59515172ee198f3be375979df15ac5345183e656720a381b8872b2a39dc8b","/logo512.png":"ee7e2f3fdb8209c4b6fd7bef6ba50d1b9dba30a25bb5c3126df057e1cb6f5331","/manifest.json":"aff3449bdc238776f5d6d967f19ec491b36aed5fb7f23ccff6500736fd58494a","/robots.txt":"bfe106a3fb878dc83461c86818bf74fc1bdc7f28538ba613cd3e775516ce8b49","/asset-manifest.json":"e101845df95305bab4e1bfc980a830c7339e2f9a568f9d90a0a34169ad891df2","/index.html":"cbe06ce6aeba0e4ea45ef700c4bdeb35c61a0a6fe0a7ef2ba9bb19f9d832f6da","/static/css/main.c78385b8.chunk.css":"b6aae309b735d64c30cc18c4a70e499518b04fccd9cb97a9e301735ea5383e23","/static/js/2.7272249b.chunk.js.LICENSE.txt":"9bbcd43d0f7d63b16d18e2a5b84cead684f285583a0372c26a72784642879f2d","/static/css/main.c78385b8.chunk.css.map":"c4004a87180a738218e619a0f7fe34c98174db76afdde302b54be77cb5ece5be","/static/js/3.ac0613a9.chunk.js":"4c9db04e738ee9ee652ace5c743fc2bd11a9d5dd2b3e06cff0df2c1822f7a946","/static/js/3.ac0613a9.chunk.js.map":"43129b0817e5ad11f8c21aeac8ab2da1dc81dad5286ad0f3357b1674d818e5d6","/static/js/main.e2d635a7.chunk.js":"d90f09a6e0f475702100f5937900f55f2f13953a99ea15efbdd26bc7f9fca472","/static/js/runtime-main.fae3aa58.js":"d1928edf89f3c7d05b2de4e76b802d873f36dc325fb1f762d9dae84763504b70","/static/js/runtime-main.fae3aa58.js.map":"937ea70cda7b88a9a58a1a197ea56547f4177dbd86ef32cc22906edaa7127a18","/static/js/main.e2d635a7.chunk.js.map":"8534cff43e48c4edc323358f1038ca176bb5fc68080372b0241719a257e42bd4","/static/js/2.7272249b.chunk.js":"556c1a6e2162152fe56e7444ada2ecccbd1298c17d023a4e27017203786431d7","/static/js/2.7272249b.chunk.js.map":"5030f6e0ceb5d3169c2f6181eb0f8534c65b3b5ccaaa701abba492d3ac5e8b5e"}}
[debug] [2021-01-28T23:09:42.142Z] <<< [apiv2][status] POST https://firebasehosting.googleapis.com/v1beta1/sites/clone-341d6/versions/f68aba0dd69aae68:populateFiles 200
[debug] [2021-01-28T23:09:42.142Z] <<< [apiv2][body] POST https://firebasehosting.googleapis.com/v1beta1/sites/clone-341d6/versions/f68aba0dd69aae68:populateFiles {"uploadUrl":"https://upload-firebasehosting.googleapis.com/upload/sites/clone-341d6/versions/f68aba0dd69aae68/files"}
[debug] [2021-01-28T23:09:42.142Z] [hosting][populate queue][FINAL] {"max":487,"min":487,"avg":487,"active":0,"complete":1,"success":1,"errored":0,"retried":0,"total":1,"elapsed":487}
[debug] [2021-01-28T23:09:42.142Z] [hosting] uploads queued: 0
[debug] [2021-01-28T23:09:42.142Z] [hosting][upload queue][FINAL] {"max":0,"min":9999999999,"avg":0,"active":0,"complete":0,"success":0,"errored":0,"retried":0,"total":0,"elapsed":1611875382142}
[info] +  hosting[clone-341d6]: file upload complete 
[debug] [2021-01-28T23:09:42.142Z] [hosting] deploy completed after 938ms
[info] i  functions: updating Node.js 12 function api(us-central1)... 
[debug] [2021-01-28T23:09:42.286Z] Trigger is:  {"httpsTrigger":{}}
[debug] [2021-01-28T23:09:42.287Z] > refreshing access token with scopes: ["email","https://www.googleapis.com/auth/cloud-platform","https://www.googleapis.com/auth/cloudplatformprojects.readonly","https://www.googleapis.com/auth/firebase","openid"]
[debug] [2021-01-28T23:09:42.287Z] >>> HTTP REQUEST POST https://www.googleapis.com/oauth2/v3/token  
 <request body omitted>
[debug] [2021-01-28T23:09:42.414Z] <<< HTTP RESPONSE 200 {"date":"Thu, 28 Jan 2021 23:09:42 GMT","cache-control":"no-cache, no-store, max-age=0, must-revalidate","expires":"Mon, 01 Jan 1990 00:00:00 GMT","pragma":"no-cache","content-type":"application/json; charset=utf-8","vary":"X-Origin, Referer, Origin,Accept-Encoding","server":"scaffolding on HTTPServer2","x-xss-protection":"0","x-frame-options":"SAMEORIGIN","x-content-type-options":"nosniff","alt-svc":"h3-29=\":443\"; ma=2592000,h3-T051=\":443\"; ma=2592000,h3-Q050=\":443\"; ma=2592000,h3-Q046=\":443\"; ma=2592000,h3-Q043=\":443\"; ma=2592000,quic=\":443\"; ma=2592000; v=\"46,43\"","accept-ranges":"none","transfer-encoding":"chunked"}
[debug] [2021-01-28T23:09:42.417Z] >>> HTTP REQUEST PATCH https://cloudfunctions.googleapis.com/v1/projects/clone-341d6/locations/us-central1/functions/api {"updateMask":"sourceUploadUrl,name,labels,runtime,environmentVariables,httpsTrigger"} 
 {"sourceUploadUrl":"https://storage.googleapis.com/gcf-upload-us-central1-3081face-e511-4f2e-a6a7-75ec190a6e18/da1dc89b-9905-473e-b59e-66474adac030.zip?GoogleAccessId=service-29647068937@gcf-admin-robot.iam.gserviceaccount.com&Expires=1611877181&Signature=apUKLEocAOhHa6dlLzOdeTjWNWWARjAQCgPgMi2OOUEP1MLTKGuFa1QS89Wm7zknyxAy1oThV2fr2LNnrlNtqA4G4n12zDW4U9PjJwp6Udf1Kcar6MDU84vKxA6gPWqjYjNt5lag9GeXoH9M2m%2FziUWaYPzLeh8uOJWy9mqnroNXMF9neQNMHFLjfnoVr%2BCm3d0lYFu7Zwa5SgEjvH1M%2FbiEZ1uCW7R9nAIFEvsb%2Fk53XWtrZrk%2FALFEUS9C%2Fj%2Brc4STz3CpzcesQ2xuuYgy0xSxGKSL4t0bDwEy5w4D4aQqfgVMFvX9fxvWf28Y983L2TVfqrG%2Bmk6FI3gRT7dWdA%3D%3D","name":"projects/clone-341d6/locations/us-central1/functions/api","labels":{"deployment-tool":"cli-firebase"},"httpsTrigger":{},"runtime":"nodejs12","environmentVariables":{"FIREBASE_CONFIG":"{\"projectId\":\"clone-341d6\",\"storageBucket\":\"clone-341d6.appspot.com\",\"locationId\":\"us-central\"}"}}
[debug] [2021-01-28T23:09:43.321Z] <<< HTTP RESPONSE 200 {"content-type":"application/json; charset=UTF-8","vary":"X-Origin, Referer, Origin,Accept-Encoding","date":"Thu, 28 Jan 2021 23:09:43 GMT","server":"ESF","cache-control":"private","x-xss-protection":"0","x-frame-options":"SAMEORIGIN","x-content-type-options":"nosniff","alt-svc":"h3-29=\":443\"; ma=2592000,h3-T051=\":443\"; ma=2592000,h3-Q050=\":443\"; ma=2592000,h3-Q046=\":443\"; ma=2592000,h3-Q043=\":443\"; ma=2592000,quic=\":443\"; ma=2592000; v=\"46,43\"","accept-ranges":"none","transfer-encoding":"chunked"}
[debug] [2021-01-28T23:09:43.322Z] >>> HTTP REQUEST GET https://cloudfunctions.googleapis.com/v1/projects/clone-341d6/locations/-/functions  
 
[debug] [2021-01-28T23:09:43.755Z] <<< HTTP RESPONSE 200 {"content-type":"application/json; charset=UTF-8","vary":"X-Origin, Referer, Origin,Accept-Encoding","date":"Thu, 28 Jan 2021 23:09:44 GMT","server":"ESF","cache-control":"private","x-xss-protection":"0","x-frame-options":"SAMEORIGIN","x-content-type-options":"nosniff","alt-svc":"h3-29=\":443\"; ma=2592000,h3-T051=\":443\"; ma=2592000,h3-Q050=\":443\"; ma=2592000,h3-Q046=\":443\"; ma=2592000,h3-Q043=\":443\"; ma=2592000,quic=\":443\"; ma=2592000; v=\"46,43\"","accept-ranges":"none","transfer-encoding":"chunked"}
[debug] [2021-01-28T23:09:43.756Z] >>> HTTP REQUEST GET https://cloudfunctions.googleapis.com/v1/operations/Y2xvbmUtMzQxZDYvdXMtY2VudHJhbDEvYXBpL1Bkbk0waTVMb3NJ  
 
[debug] [2021-01-28T23:09:43.920Z] <<< HTTP RESPONSE 200 {"content-type":"application/json; charset=UTF-8","vary":"X-Origin, Referer, Origin,Accept-Encoding","date":"Thu, 28 Jan 2021 23:09:44 GMT","server":"ESF","cache-control":"private","x-xss-protection":"0","x-frame-options":"SAMEORIGIN","x-content-type-options":"nosniff","alt-svc":"h3-29=\":443\"; ma=2592000,h3-T051=\":443\"; ma=2592000,h3-Q050=\":443\"; ma=2592000,h3-Q046=\":443\"; ma=2592000,h3-Q043=\":443\"; ma=2592000,quic=\":443\"; ma=2592000; v=\"46,43\"","accept-ranges":"none","transfer-encoding":"chunked"}
